\BOOKMARK [1][-]{section.1}{\376\377\000I\000n\000t\000r\000o\000d\000u\000c\000t\000i\000o\000n}{}% 1
\BOOKMARK [2][-]{subsection.1.1}{\376\377\000T\000h\000e\000\040\000P\000r\000o\000b\000l\000e\000m\000\040\000t\000o\000\040\000S\000o\000l\000v\000e}{section.1}% 2
\BOOKMARK [2][-]{subsection.1.2}{\376\377\000O\000b\000j\000e\000c\000t\000i\000v\000e\000s}{section.1}% 3
\BOOKMARK [1][-]{section.2}{\376\377\000C\000o\000n\000t\000e\000x\000t\000\040\000a\000n\000d\000\040\000P\000a\000s\000t\000\040\000W\000o\000r\000k}{}% 4
\BOOKMARK [2][-]{subsection.2.1}{\376\377\000S\000p\000i\000k\000i\000n\000g\000\040\000N\000e\000u\000r\000o\000n\000\040\000M\000o\000d\000e\000l}{section.2}% 5
\BOOKMARK [3][-]{subsubsection.2.1.1}{\376\377\000H\000o\000d\000g\000k\000i\000n\040\023\000H\000u\000x\000l\000e\000y}{subsection.2.1}% 6
\BOOKMARK [3][-]{subsubsection.2.1.2}{\376\377\000L\000e\000a\000k\000y\000\040\000I\000n\000t\000e\000g\000r\000a\000t\000e\000-\000a\000n\000d\000-\000F\000i\000r\000e\000\040\000N\000e\000u\000r\000o\000n}{subsection.2.1}% 7
\BOOKMARK [3][-]{subsubsection.2.1.3}{\376\377\000I\000z\000h\000i\000k\000e\000v\000i\000c\000h}{subsection.2.1}% 8
\BOOKMARK [3][-]{subsubsection.2.1.4}{\376\377\000N\000e\000u\000r\000a\000l\000\040\000N\000e\000t\000w\000o\000r\000k\000s}{subsection.2.1}% 9
\BOOKMARK [2][-]{subsection.2.2}{\376\377\000T\000r\000a\000i\000n\000i\000n\000g\000\040\000N\000e\000u\000r\000a\000l\000\040\000N\000e\000t\000w\000o\000r\000k\000s}{section.2}% 10
\BOOKMARK [3][-]{subsubsection.2.2.1}{\376\377\000B\000a\000c\000k\000p\000r\000o\000p\000a\000g\000a\000t\000i\000o\000n}{subsection.2.2}% 11
\BOOKMARK [3][-]{subsubsection.2.2.2}{\376\377\000A\000N\000N\000-\000t\000o\000-\000S\000N\000N\000\040\000C\000o\000n\000v\000e\000r\000s\000i\000o\000n}{subsection.2.2}% 12
\BOOKMARK [3][-]{subsubsection.2.2.3}{\376\377\000B\000a\000c\000k\000p\000r\000o\000p\000a\000g\000a\000t\000i\000o\000n\000-\000T\000h\000r\000o\000u\000g\000h\000-\000T\000i\000m\000e}{subsection.2.2}% 13
\BOOKMARK [3][-]{subsubsection.2.2.4}{\376\377\000E\000l\000i\000g\000i\000b\000i\000l\000i\000t\000y\000\040\000P\000r\000o\000p\000a\000g\000a\000t\000i\000o\000n}{subsection.2.2}% 14
\BOOKMARK [3][-]{subsubsection.2.2.5}{\376\377\000S\000p\000i\000k\000e\000-\000T\000i\000m\000e\000-\000D\000e\000p\000e\000n\000d\000e\000n\000t\000-\000P\000l\000a\000s\000t\000i\000c\000i\000t\000y}{subsection.2.2}% 15
\BOOKMARK [3][-]{subsubsection.2.2.6}{\376\377\000E\000v\000e\000n\000t\000p\000r\000o\000p}{subsection.2.2}% 16
\BOOKMARK [1][-]{section.3}{\376\377\000M\000e\000t\000h\000o\000d\000s}{}% 17
\BOOKMARK [2][-]{subsection.3.1}{\376\377\000D\000a\000t\000a\000s\000e\000t\000\040\000u\000s\000e\000d}{section.3}% 18
\BOOKMARK [2][-]{subsection.3.2}{\376\377\000S\000o\000f\000t\000w\000a\000r\000e\000\040\000L\000i\000b\000r\000a\000r\000i\000e\000s}{section.3}% 19
\BOOKMARK [2][-]{subsection.3.3}{\376\377\000T\000r\000a\000i\000n\000i\000n\000g\000\040\000t\000h\000e\000\040\000N\000e\000t\000w\000o\000r\000k}{section.3}% 20
\BOOKMARK [2][-]{subsection.3.4}{\376\377\000D\000e\000r\000i\000v\000i\000n\000g\000\040\000a\000n\000\040\000N\000e\000w\000\040\000a\000n\000d\000\040\000I\000m\000p\000r\000o\000v\000e\000d\000\040\000L\000o\000s\000s\000\040\000F\000u\000n\000c\000t\000i\000o\000n\000\040\000a\000n\000d\000\040\000E\000v\000e\000n\000t\000p\000r\000o\000p\000\040\000S\000c\000h\000e\000m\000e}{section.3}% 21
\BOOKMARK [2][-]{subsection.3.5}{\376\377\000I\000m\000p\000l\000e\000m\000e\000n\000t\000i\000n\000g\000\040\000t\000h\000e\000\040\000N\000o\000v\000e\000l\000\040\000E\000v\000e\000n\000t\000p\000r\000o\000p\000\040\000S\000c\000h\000e\000m\000e\000\040\000i\000n\000\040\000S\000o\000f\000t\000w\000a\000r\000e}{section.3}% 22
\BOOKMARK [2][-]{subsection.3.6}{\376\377\000P\000r\000o\000f\000i\000l\000i\000n\000g\000\040\000t\000h\000e\000\040\000P\000o\000w\000e\000r\000\040\000U\000s\000a\000g\000e\000\040\000o\000f\000\040\000G\000P\000U\000\040\000v\000s\000\040\000C\000P\000U}{section.3}% 23
\BOOKMARK [1][-]{section.4}{\376\377\000R\000e\000s\000u\000l\000t\000s}{}% 24
\BOOKMARK [2][-]{subsection.4.1}{\376\377\000R\000e\000p\000r\000o\000d\000u\000c\000i\000n\000g\000\040\000S\000t\000a\000t\000e\000-\000O\000f\000-\000T\000h\000e\000-\000A\000r\000t\000\040\000A\000c\000c\000u\000r\000a\000c\000y}{section.4}% 25
\BOOKMARK [2][-]{subsection.4.2}{\376\377\000N\000e\000w\000\040\000L\000o\000s\000s\000\040\000F\000u\000n\000c\000t\000i\000o\000n\000\040\000I\000m\000p\000r\000o\000v\000e\000s\000\040\000T\000r\000a\000i\000n\000i\000n\000g}{section.4}% 26
\BOOKMARK [2][-]{subsection.4.3}{\376\377\000P\000o\000w\000e\000r\000\040\000U\000s\000a\000g\000e\000\040\000o\000f\000\040\000G\000P\000U\000\040\000a\000n\000d\000\040\000C\000P\000U}{section.4}% 27
\BOOKMARK [1][-]{section.5}{\376\377\000D\000i\000s\000c\000u\000s\000s\000i\000o\000n}{}% 28
\BOOKMARK [1][-]{section.6}{\376\377\000C\000o\000n\000c\000l\000u\000s\000i\000o\000n}{}% 29
\BOOKMARK [1][-]{section.7}{\376\377\000P\000r\000o\000j\000e\000c\000t\000\040\000R\000e\000v\000i\000e\000w}{}% 30
\BOOKMARK [1][-]{section.8}{\376\377\000A\000c\000k\000n\000o\000w\000l\000e\000d\000g\000m\000e\000n\000t\000s}{}% 31
